2020-07-05 11:33:15,796 [main] ERROR model.FileLoader  - Error while loading json file: pytania.json : 
java.io.FileNotFoundException: pytania.json (Nie moĹĽna odnaleĹşÄ‡ okreĹ›lonego pliku)
	at java.base/java.io.FileInputStream.open0(Native Method)
	at java.base/java.io.FileInputStream.open(FileInputStream.java:213)
	at java.base/java.io.FileInputStream.<init>(FileInputStream.java:155)
	at com.fasterxml.jackson.core.JsonFactory.createParser(JsonFactory.java:916)
	at com.fasterxml.jackson.databind.ObjectMapper.readValue(ObjectMapper.java:3090)
	at model.FileLoader.load(FileLoader.java:26)
	at genericque.Main.main(App.java:12)
2020-07-05 11:38:33,654 [main] INFO  genericque.Main  - Please enter command [listQuestions]:
2020-07-05 11:38:38,411 [main] INFO  genericque.Main  - Please enter command [listQuestions]:
2020-07-05 11:38:46,161 [main] INFO  genericque.Main  - Please enter command [listQuestions]:
2020-07-05 11:38:50,942 [main] INFO  genericque.Main  - Please enter command [listQuestions]:
2020-07-05 11:38:53,299 [main] INFO  genericque.Main  - Please enter command [listQuestions]:
2020-07-05 11:42:33,803 [main] ERROR model.FileLoader  - Error while loading json file: pytania.json : 
java.io.FileNotFoundException: pytania.json (Nie moĹĽna odnaleĹşÄ‡ okreĹ›lonego pliku)
	at java.base/java.io.FileInputStream.open0(Native Method)
	at java.base/java.io.FileInputStream.open(FileInputStream.java:213)
	at java.base/java.io.FileInputStream.<init>(FileInputStream.java:155)
	at com.fasterxml.jackson.core.JsonFactory.createParser(JsonFactory.java:916)
	at com.fasterxml.jackson.databind.ObjectMapper.readValue(ObjectMapper.java:3090)
	at model.FileLoader.load(FileLoader.java:26)
	at genericque.Main.handleLoadAndPrintQuestions(App.java:31)
	at genericque.Main.main(App.java:19)
2020-07-05 11:48:06,258 [main] INFO  genericque.Main  - Please enter command [listQuestions]:
2020-07-05 11:48:20,702 [main] ERROR model.FileLoader  - Error while loading json file: pytania.json : 
java.io.FileNotFoundException: pytania.json (Nie moĹĽna odnaleĹşÄ‡ okreĹ›lonego pliku)
	at java.base/java.io.FileInputStream.open0(Native Method)
	at java.base/java.io.FileInputStream.open(FileInputStream.java:213)
	at java.base/java.io.FileInputStream.<init>(FileInputStream.java:155)
	at com.fasterxml.jackson.core.JsonFactory.createParser(JsonFactory.java:916)
	at com.fasterxml.jackson.databind.ObjectMapper.readValue(ObjectMapper.java:3090)
	at model.FileLoader.load(FileLoader.java:26)
	at genericque.Main.handleLoadAndPrintQuestions(App.java:31)
	at genericque.Main.main(App.java:19)
2020-07-05 11:50:27,741 [main] INFO  genericque.Main  - Please enter command [listQuestions]:
2020-07-05 11:50:38,267 [main] INFO  genericque.Main  - Please enter command [listQuestions]:
2020-07-05 11:50:46,945 [main] ERROR model.FileLoader  - Error while loading json file: pytania.json : 
java.io.FileNotFoundException: pytania.json (Nie moĹĽna odnaleĹşÄ‡ okreĹ›lonego pliku)
	at java.base/java.io.FileInputStream.open0(Native Method)
	at java.base/java.io.FileInputStream.open(FileInputStream.java:213)
	at java.base/java.io.FileInputStream.<init>(FileInputStream.java:155)
	at com.fasterxml.jackson.core.JsonFactory.createParser(JsonFactory.java:916)
	at com.fasterxml.jackson.databind.ObjectMapper.readValue(ObjectMapper.java:3090)
	at model.FileLoader.load(FileLoader.java:26)
	at genericque.Main.handleLoadAndPrintQuestions(Main.java:31)
	at genericque.Main.main(Main.java:19)
2020-07-05 11:52:28,955 [main] INFO  genericque.Main  - Please enter command [listQuestions]:
2020-07-05 11:52:33,366 [main] ERROR model.FileLoader  - Error while loading json file: pytania.json : 
java.io.FileNotFoundException: pytania.json (Nie moĹĽna odnaleĹşÄ‡ okreĹ›lonego pliku)
	at java.base/java.io.FileInputStream.open0(Native Method)
	at java.base/java.io.FileInputStream.open(FileInputStream.java:213)
	at java.base/java.io.FileInputStream.<init>(FileInputStream.java:155)
	at com.fasterxml.jackson.core.JsonFactory.createParser(JsonFactory.java:916)
	at com.fasterxml.jackson.databind.ObjectMapper.readValue(ObjectMapper.java:3090)
	at model.FileLoader.load(FileLoader.java:26)
	at genericque.Main.handleLoadAndPrintQuestions(Main.java:31)
	at genericque.Main.main(Main.java:19)
2020-07-05 11:55:45,467 [main] INFO  genericque.Main  - Please enter command [listQuestions]:
2020-07-05 11:55:52,743 [main] ERROR model.FileLoader  - Error while loading json file: pytania.json : 
java.io.FileNotFoundException: pytania.json (Nie moĹĽna odnaleĹşÄ‡ okreĹ›lonego pliku)
	at java.base/java.io.FileInputStream.open0(Native Method)
	at java.base/java.io.FileInputStream.open(FileInputStream.java:213)
	at java.base/java.io.FileInputStream.<init>(FileInputStream.java:155)
	at com.fasterxml.jackson.core.JsonFactory.createParser(JsonFactory.java:916)
	at com.fasterxml.jackson.databind.ObjectMapper.readValue(ObjectMapper.java:3090)
	at model.FileLoader.load(FileLoader.java:25)
	at genericque.Main.handleLoadAndPrintQuestions(Main.java:32)
	at genericque.Main.main(Main.java:19)
2020-07-05 11:56:55,311 [main] INFO  genericque.Main  - Please enter command [listQuestions]:
2020-07-05 11:58:50,177 [main] INFO  genericque.Main  - Please enter command [listQuestions]:
2020-07-05 11:58:56,346 [main] ERROR model.FileLoader  - Error while loading json file: pytania.json : 
java.io.FileNotFoundException: pytania.json (Nie moĹĽna odnaleĹşÄ‡ okreĹ›lonego pliku)
	at java.base/java.io.FileInputStream.open0(Native Method)
	at java.base/java.io.FileInputStream.open(FileInputStream.java:213)
	at java.base/java.io.FileInputStream.<init>(FileInputStream.java:155)
	at com.fasterxml.jackson.core.JsonFactory.createParser(JsonFactory.java:916)
	at com.fasterxml.jackson.databind.ObjectMapper.readValue(ObjectMapper.java:3090)
	at model.FileLoader.load(FileLoader.java:25)
	at genericque.Main.handleLoadAndPrintQuestions(Main.java:32)
	at genericque.Main.main(Main.java:19)
2020-07-05 11:59:15,522 [main] INFO  genericque.Main  - Please enter command [listQuestions]:
2020-07-05 11:59:15,678 [main] INFO  genericque.Main  - Please enter command [listQuestions]:
2020-07-05 11:59:19,823 [main] ERROR model.FileLoader  - Error while loading json file: pytania.json : 
java.io.FileNotFoundException: pytania.json (Nie moĹĽna odnaleĹşÄ‡ okreĹ›lonego pliku)
	at java.base/java.io.FileInputStream.open0(Native Method)
	at java.base/java.io.FileInputStream.open(FileInputStream.java:213)
	at java.base/java.io.FileInputStream.<init>(FileInputStream.java:155)
	at com.fasterxml.jackson.core.JsonFactory.createParser(JsonFactory.java:916)
	at com.fasterxml.jackson.databind.ObjectMapper.readValue(ObjectMapper.java:3090)
	at model.FileLoader.load(FileLoader.java:25)
	at genericque.Main.handleLoadAndPrintQuestions(Main.java:31)
	at genericque.Main.main(Main.java:19)
2020-07-05 12:02:05,565 [main] INFO  genericque.Main  - Please enter command [listQuestions]:
2020-07-05 12:02:12,939 [main] INFO  genericque.Main  - Please enter command [listQuestions]:
2020-07-05 12:02:16,136 [main] ERROR model.FileLoader  - Error while loading json file: pytania.json : 
java.io.FileNotFoundException: pytania.json (Nie moĹĽna odnaleĹşÄ‡ okreĹ›lonego pliku)
	at java.base/java.io.FileInputStream.open0(Native Method)
	at java.base/java.io.FileInputStream.open(FileInputStream.java:213)
	at java.base/java.io.FileInputStream.<init>(FileInputStream.java:155)
	at com.fasterxml.jackson.core.JsonFactory.createParser(JsonFactory.java:916)
	at com.fasterxml.jackson.databind.ObjectMapper.readValue(ObjectMapper.java:3090)
	at model.FileLoader.load(FileLoader.java:25)
	at genericque.Main.handleLoadAndPrintQuestions(Main.java:31)
	at genericque.Main.main(Main.java:19)
2020-07-05 12:41:57,188 [main] INFO  genericque.Main  - Please enter command [listQuestions]:
2020-07-05 12:42:01,925 [main] ERROR model.FileLoader  - Error while loading json file: pytania.json : 
java.io.FileNotFoundException: pytania.json (Nie moĹĽna odnaleĹşÄ‡ okreĹ›lonego pliku)
	at java.base/java.io.FileInputStream.open0(Native Method)
	at java.base/java.io.FileInputStream.open(FileInputStream.java:213)
	at java.base/java.io.FileInputStream.<init>(FileInputStream.java:155)
	at com.fasterxml.jackson.core.JsonFactory.createParser(JsonFactory.java:916)
	at com.fasterxml.jackson.databind.ObjectMapper.readValue(ObjectMapper.java:3090)
	at model.FileLoader.load(FileLoader.java:26)
	at genericque.Main.handleLoadAndPrintQuestions(Main.java:84)
	at genericque.Main.main(Main.java:21)
